Compiling build :cljs-client to "resources/public/js/nesferado.js" from ["src"]...
[32mSuccessfully compiled build :cljs-client to "resources/public/js/nesferado.js" in 23.212 seconds.[0m
notifying browser that file changed:  resources/public/js/goog/deps.js
notifying browser that file changed:  resources/public/js/cljs_deps.js
notifying browser that file changed:  resources/public/js/nesferado/client.js
Compiling build :cljs-client to "resources/public/js/nesferado.js" from ["src"]...
[32mSuccessfully compiled build :cljs-client to "resources/public/js/nesferado.js" in 27.883 seconds.[0m
notifying browser that file changed:  resources/public/js/goog/deps.js
notifying browser that file changed:  resources/public/js/cljs_deps.js
notifying browser that file changed:  resources/public/js/nesferado/client.js
Compiling build :cljs-client to "resources/public/js/nesferado.js" from ["src"]...
[32mSuccessfully compiled build :cljs-client to "resources/public/js/nesferado.js" in 6.192 seconds.[0m
notifying browser that file changed:  resources/public/js/nesferado/client.js
Compiling build :cljs-client to "resources/public/js/nesferado.js" from ["src"]...
[32mSuccessfully compiled build :cljs-client to "resources/public/js/nesferado.js" in 23.247 seconds.[0m
notifying browser that file changed:  resources/public/js/goog/deps.js
notifying browser that file changed:  resources/public/js/cljs_deps.js
notifying browser that file changed:  resources/public/js/nesferado/client.js
Compiling build :cljs-client to "resources/public/js/nesferado.js" from ["src"]...
[32mSuccessfully compiled build :cljs-client to "resources/public/js/nesferado.js" in 5.975 seconds.[0m
notifying browser that file changed:  resources/public/js/nesferado/client.js
Compiling build :cljs-client to "resources/public/js/nesferado.js" from ["src"]...
Compiling build :cljs-client to "resources/public/js/nesferado.js" from ["src"]...
[32mSuccessfully compiled build :cljs-client to "resources/public/js/nesferado.js" in 19.121 seconds.[0m
notifying browser that file changed:  resources/public/js/goog/deps.js
notifying browser that file changed:  resources/public/js/cljs_deps.js
notifying browser that file changed:  resources/public/js/nesferado/client.js
Compiling build :cljs-client to "resources/public/js/nesferado.js" from ["src"]...
[32mSuccessfully compiled build :cljs-client to "resources/public/js/nesferado.js" in 4.34 seconds.[0m
notifying browser that file changed:  resources/public/js/nesferado/client.js
Compiling build :cljs-client to "resources/public/js/nesferado.js" from ["src"]...
[31mFailed to compile build :cljs-client from ["src"] in 35.277 seconds.[0m
[36m----  Could not Read  src/nesferado/client.cljs   line:356  column:4  ----[0m

  [1mEOF while reading, starting at line 356 and column 4[0m

  [36m354[0m  [36m(rum/defc parent-w-inputs [pid][0m
  [36m355[0m  [36m  [:div.pwi[0m
  [33m356[0m  [1m   [:form#parent[0m
  [0m   [0m  [33m   ^--- EOF while reading, starting at line 356 and column 4[0m

[36m----  Reader Error : Please see src/nesferado/client.cljs  ----[0m
Compiling build :cljs-client to "resources/public/js/nesferado.js" from ["src"]...
[31mFailed to compile build :cljs-client from ["src"] in 10.624 seconds.[0m
[36m----  Could not Read  src/nesferado/client.cljs   line:356  column:4  ----[0m

  [1mEOF while reading, starting at line 356 and column 4[0m

  [36m354[0m  [36m(rum/defc parent-w-inputs [pid][0m
  [36m355[0m  [36m  [:div.pwi[0m
  [33m356[0m  [1m   [:form#parent[0m
  [0m   [0m  [33m   ^--- EOF while reading, starting at line 356 and column 4[0m

[36m----  Reader Error : Please see src/nesferado/client.cljs  ----[0m
Compiling build :cljs-client to "resources/public/js/nesferado.js" from ["src"]...
[31mFailed to compile build :cljs-client from ["src"] in 5.118 seconds.[0m
[36m----  Could not Read  src/nesferado/client.cljs   line:361  column:4  ----[0m

  [1mEOF while reading, starting at line 361 and column 4[0m

  [36m359[0m  [36m(rum/defc parent-w-inputs [pid][0m
  [36m360[0m  [36m  [:div.pwi[0m
  [33m361[0m  [1m   [:form#parent[0m
  [0m   [0m  [33m   ^--- EOF while reading, starting at line 361 and column 4[0m

[36m----  Reader Error : Please see src/nesferado/client.cljs  ----[0m
Compiling build :cljs-client to "resources/public/js/nesferado.js" from ["src"]...
[31mFailed to compile build :cljs-client from ["src"] in 3.577 seconds.[0m
[36m----  Could not Read  src/nesferado/client.cljs   line:359  column:4  ----[0m

  [1mEOF while reading, starting at line 359 and column 4[0m

  [36m357[0m  [36m(rum/defc parent-w-inputs [pid][0m
  [36m358[0m  [36m  [:div.pwi[0m
  [33m359[0m  [1m   [:form#parent[0m
  [0m   [0m  [33m   ^--- EOF while reading, starting at line 359 and column 4[0m

[36m----  Reader Error : Please see src/nesferado/client.cljs  ----[0m
Compiling build :cljs-client to "resources/public/js/nesferado.js" from ["src"]...
[32mSuccessfully compiled build :cljs-client to "resources/public/js/nesferado.js" in 20.016 seconds.[0m
notifying browser that file changed:  resources/public/js/goog/deps.js
notifying browser that file changed:  resources/public/js/cljs_deps.js
notifying browser that file changed:  resources/public/js/nesferado/client.js
Compiling build :cljs-client to "resources/public/js/nesferado.js" from ["src"]...
[31mFailed to compile build :cljs-client from ["src"] in 19.0 seconds.[0m
[36m----  Could not Read  src/nesferado/client.cljs   line:357  column:16  ----[0m

  [1mEOF while reading, starting at line 357 and column 16[0m

  [36m356[0m  [36m(def ant { {:tid 7[0m
  [33m357[0m  [1m            :c {{:tid 8[0m
  [0m   [0m  [33m               ^--- EOF while reading, starting at line 357 and column 16[0m
  [36m358[0m  [36m                 :contents "challenges-accepted"}[0m
  [36m359[0m  [36m                :c [{:tid 9[0m
  [36m360[0m  [36m                             :contents "howdyrowdydoo"}[0m

[36m----  Reader Error : Please see src/nesferado/client.cljs  ----[0m
Compiling build :cljs-client to "resources/public/js/nesferado.js" from ["src"]...
[32mSuccessfully compiled build :cljs-client to "resources/public/js/nesferado.js" in 34.369 seconds.[0m
notifying browser that file changed:  resources/public/js/nesferado/client.js
Compiling build :cljs-client to "resources/public/js/nesferado.js" from ["src"]...
[32mSuccessfully compiled build :cljs-client to "resources/public/js/nesferado.js" in 31.62 seconds.[0m
notifying browser that file changed:  resources/public/js/nesferado/client.js
Compiling build :cljs-client to "resources/public/js/nesferado.js" from ["src"]...
[32mSuccessfully compiled build :cljs-client to "resources/public/js/nesferado.js" in 6.159 seconds.[0m
notifying browser that file changed:  resources/public/js/nesferado/client.js
Compiling build :cljs-client to "resources/public/js/nesferado.js" from ["src"]...
[32mSuccessfully compiled build :cljs-client to "resources/public/js/nesferado.js" in 10.035 seconds.[0m
notifying browser that file changed:  resources/public/js/nesferado/client.js
Compiling build :cljs-client to "resources/public/js/nesferado.js" from ["src"]...
[32mSuccessfully compiled build :cljs-client to "resources/public/js/nesferado.js" in 16.227 seconds.[0m
notifying browser that file changed:  resources/public/js/nesferado/client.js
Compiling build :cljs-client to "resources/public/js/nesferado.js" from ["src"]...
[32mSuccessfully compiled build :cljs-client to "resources/public/js/nesferado.js" in 4.983 seconds.[0m
notifying browser that file changed:  resources/public/js/nesferado/client.js
Compiling build :cljs-client to "resources/public/js/nesferado.js" from ["src"]...
[32mSuccessfully compiled build :cljs-client to "resources/public/js/nesferado.js" in 56.474 seconds.[0m
notifying browser that file changed:  resources/public/js/goog/deps.js
notifying browser that file changed:  resources/public/js/cljs_deps.js
notifying browser that file changed:  resources/public/js/nesferado/client.js
Compiling build :cljs-client to "resources/public/js/nesferado.js" from ["src"]...
[32mSuccessfully compiled build :cljs-client to "resources/public/js/nesferado.js" in 20.762 seconds.[0m
notifying browser that file changed:  resources/public/js/goog/deps.js
notifying browser that file changed:  resources/public/js/cljs_deps.js
notifying browser that file changed:  resources/public/js/nesferado/client.js
Compiling build :cljs-client to "resources/public/js/nesferado.js" from ["src"]...
[32mSuccessfully compiled build :cljs-client to "resources/public/js/nesferado.js" in 3.053 seconds.[0m
notifying browser that file changed:  resources/public/js/nesferado/client.js
1545640627
Compiling build :cljs-client to "resources/public/js/nesferado.js" from ["src"]...
[32mSuccessfully compiled build :cljs-client to "resources/public/js/nesferado.js" in 13.099 seconds.[0m
Compiling build :cljs-client to "resources/public/js/nesferado.js" from ["src"]...
[32mSuccessfully compiled build :cljs-client to "resources/public/js/nesferado.js" in 10.564 seconds.[0m
notifying browser that file changed:  resources/public/js/goog/deps.js
notifying browser that file changed:  resources/public/js/cljs_deps.js
notifying browser that file changed:  resources/public/js/nesferado/client.js
Compiling build :cljs-client to "resources/public/js/nesferado.js" from ["src"]...
[31mFailed to compile build :cljs-client from ["src"] in 7.322 seconds.[0m
[36m----  Could not Read  src/nesferado/client.cljs   line:847  column:21  ----[0m

  [1mUnmatched delimiter )[0m

  [36m845[0m  [36m(defn start! [] (start-router!))[0m
  [36m846[0m  [36m[0m
  [33m847[0m  [1m(defonce _start-once (start!))[0m
  [0m   [0m  [33m                    ^--- Unmatched delimiter )[0m

[36m----  Reader Error : Please see src/nesferado/client.cljs  ----[0m
Compiling build :cljs-client to "resources/public/js/nesferado.js" from ["src"]...
[32mSuccessfully compiled build :cljs-client to "resources/public/js/nesferado.js" in 2.11 seconds.[0m
notifying browser that file changed:  resources/public/js/nesferado/client.js
Compiling build :cljs-client to "resources/public/js/nesferado.js" from ["src"]...
[32mSuccessfully compiled build :cljs-client to "resources/public/js/nesferado.js" in 20.413 seconds.[0m
notifying browser that file changed:  resources/public/js/goog/deps.js
notifying browser that file changed:  resources/public/js/cljs_deps.js
notifying browser that file changed:  resources/public/js/nesferado/client.js
Compiling build :cljs-client to "resources/public/js/nesferado.js" from ["src"]...
[36m----  Compiler Warning on   src/nesferado/client.cljs   line:391  column:45  ----[0m

  [1mUse of undeclared Var nesferado.client/post-id[0m

  [36m388[0m  [36m    spc))[0m
  [36m389[0m  [36m[0m
  [36m390[0m  [36m(defn return-comment-ids-of-tv [tile-id][0m
  [33m391[0m  [1m  (let [cids (:comments (first (filter  #(= post-id (:id %)) @tv-state)))[0m
  [0m   [0m  [33m                                            ^--- Use of undeclared Var nesferado.client/post-id[0m
  [36m392[0m  [36m        posts (map get-post-by-id cids)[0m
  [36m393[0m  [36m        post-collection (sort-by #(/ (:ratings-total %) (:number-of-ratings %)) posts)[0m
  [36m394[0m  [36m        spc  (map :id post-collection)][0m
  [36m395[0m  [36m[0m
  [36m396[0m  [36m    spc))[0m

[36m----  Compiler Warning : Please see src/nesferado/client.cljs  ----[0m
[36m----  Compiler Warning on   src/nesferado/client.cljs   line:649  column:1  ----[0m

  [1muuid already refers to: cljs.core/uuid being replaced by: nesferado.client/uuid[0m

  [36m645[0m  [36m    (if (contains? showsters id)[0m
  [36m646[0m  [36m      "showing"[0m
  [36m647[0m  [36m      "notshowing")))[0m
  [36m648[0m  [36m[0m
  [33m649[0m  [1m(defn uuid [s][0m
  [0m   [0m  [33m^--- uuid already refers to: cljs.core/uuid being replaced by: nesferado.client/uuid[0m
  [36m650[0m  [36m  (assert (string? s))[0m
  [36m651[0m  [36m  (UUID. (.toLowerCase s) nil))[0m
  [36m652[0m  [36m[0m
  [36m653[0m  [36m(rum/defc tv-cell  < rum/reactive[0m
  [36m654[0m  [36m                    { :key-fn (fn [td][0m

[36m----  Compiler Warning : Please see src/nesferado/client.cljs  ----[0m
[32mSuccessfully compiled build :cljs-client to "resources/public/js/nesferado.js" in 30.459 seconds.[0m
notifying browser that file changed:  resources/public/js/goog/deps.js
notifying browser that file changed:  resources/public/js/cljs_deps.js
notifying browser that file changed:  resources/public/js/nesferado/client.js
